[    0.000000] Linux version 4.15.0-88-generic (buildd@lgw01-amd64-036) (gcc version 7.4.0 (Ubuntu 7.4.0-1ubuntu1~18.04.1)) #88-Ubuntu SMP Tue Feb 11 20:11:34 UTC 2020 (Ubuntu 4.15.0-88.88-generic 4.15.18)
[    0.000000] Command line: BOOT_IMAGE=/boot/vmlinuz-4.15.0-88-generic root=LABEL=cloudimg-rootfs ro console=tty1 console=ttyS0
[    0.000000] KERNEL supported cpus:
[    0.000000]   Intel GenuineIntel
[    0.000000]   AMD AuthenticAMD
[    0.000000]   Centaur CentaurHauls
[    0.000000] x86/fpu: Supporting XSAVE feature 0x001: 'x87 floating point registers'
[    0.000000] x86/fpu: Supporting XSAVE feature 0x002: 'SSE registers'
[    0.000000] x86/fpu: Supporting XSAVE feature 0x004: 'AVX registers'
[    0.000000] x86/fpu: xstate_offset[2]:  576, xstate_sizes[2]:  256
[    0.000000] x86/fpu: Enabled xstate features 0x7, context size is 832 bytes, using 'standard' format.
[    0.000000] e820: BIOS-provided physical RAM map:
[    0.000000] BIOS-e820: [mem 0x0000000000000000-0x000000000009fbff] usable
[    0.000000] BIOS-e820: [mem 0x000000000009fc00-0x000000000009ffff] reserved
[    0.000000] BIOS-e820: [mem 0x00000000000f0000-0x00000000000fffff] reserved
[    0.000000] BIOS-e820: [mem 0x0000000000100000-0x000000003ffeffff] usable
[    0.000000] BIOS-e820: [mem 0x000000003fff0000-0x000000003fffffff] ACPI data
[    0.000000] BIOS-e820: [mem 0x00000000fec00000-0x00000000fec00fff] reserved
[    0.000000] BIOS-e820: [mem 0x00000000fee00000-0x00000000fee00fff] reserved
[    0.000000] BIOS-e820: [mem 0x00000000fffc0000-0x00000000ffffffff] reserved
[    0.000000] NX (Execute Disable) protection: active
[    0.000000] SMBIOS 2.5 present.
[    0.000000] DMI: innotek GmbH VirtualBox/VirtualBox, BIOS VirtualBox 12/01/2006
[    0.000000] Hypervisor detected: KVM
[    0.000000] e820: last_pfn = 0x3fff0 max_arch_pfn = 0x400000000
[    0.000000] MTRR: Disabled
[    0.000000] x86/PAT: MTRRs disabled, skipping PAT initialization too.
[    0.000000] CPU MTRRs all blank - virtualized system.
[    0.000000] x86/PAT: Configuration [0-7]: WB  WT  UC- UC  WB  WT  UC- UC  
[    0.000000] found SMP MP-table at [mem 0x0009fff0-0x0009ffff]
[    0.000000] Scanning 1 areas for low memory corruption
[    0.000000] RAMDISK: [mem 0x35a6f000-0x36d2efff]
[    0.000000] ACPI: Early table checksum verification disabled
[    0.000000] ACPI: RSDP 0x00000000000E0000 000024 (v02 VBOX  )
[    0.000000] ACPI: XSDT 0x000000003FFF0030 00003C (v01 VBOX   VBOXXSDT 00000001 ASL  00000061)
[    0.000000] ACPI: FACP 0x000000003FFF00F0 0000F4 (v04 VBOX   VBOXFACP 00000001 ASL  00000061)
[    0.000000] ACPI: DSDT 0x000000003FFF0470 002325 (v02 VBOX   VBOXBIOS 00000002 INTL 20100528)
[    0.000000] ACPI: FACS 0x000000003FFF0200 000040
[    0.000000] ACPI: FACS 0x000000003FFF0200 000040
[    0.000000] ACPI: APIC 0x000000003FFF0240 00005C (v02 VBOX   VBOXAPIC 00000001 ASL  00000061)
[    0.000000] ACPI: SSDT 0x000000003FFF02A0 0001CC (v01 VBOX   VBOXCPUT 00000002 INTL 20100528)
[    0.000000] No NUMA configuration found
[    0.000000] Faking a node at [mem 0x0000000000000000-0x000000003ffeffff]
[    0.000000] NODE_DATA(0) allocated [mem 0x3ffc5000-0x3ffeffff]
[    0.000000] kvm-clock: cpu 0, msr 0:3ff44001, primary cpu clock
[    0.000000] kvm-clock: Using msrs 4b564d01 and 4b564d00
[    0.000000] kvm-clock: using sched offset of 4204695228 cycles
[    0.000000] clocksource: kvm-clock: mask: 0xffffffffffffffff max_cycles: 0x1cd42e4dffb, max_idle_ns: 881590591483 ns
[    0.000000] Zone ranges:
[    0.000000]   DMA      [mem 0x0000000000001000-0x0000000000ffffff]
[    0.000000]   DMA32    [mem 0x0000000001000000-0x000000003ffeffff]
[    0.000000]   Normal   empty
[    0.000000]   Device   empty
[    0.000000] Movable zone start for each node
[    0.000000] Early memory node ranges
[    0.000000]   node   0: [mem 0x0000000000001000-0x000000000009efff]
[    0.000000]   node   0: [mem 0x0000000000100000-0x000000003ffeffff]
[    0.000000] Reserved but unavailable: 98 pages
[    0.000000] Initmem setup node 0 [mem 0x0000000000001000-0x000000003ffeffff]
[    0.000000] ACPI: PM-Timer IO Port: 0x4008
[    0.000000] IOAPIC[0]: apic_id 2, version 32, address 0xfec00000, GSI 0-23
[    0.000000] ACPI: INT_SRC_OVR (bus 0 bus_irq 0 global_irq 2 dfl dfl)
[    0.000000] ACPI: INT_SRC_OVR (bus 0 bus_irq 9 global_irq 9 low level)
[    0.000000] Using ACPI (MADT) for SMP configuration information
[    0.000000] smpboot: Allowing 2 CPUs, 0 hotplug CPUs
[    0.000000] PM: Registered nosave memory: [mem 0x00000000-0x00000fff]
[    0.000000] PM: Registered nosave memory: [mem 0x0009f000-0x0009ffff]
[    0.000000] PM: Registered nosave memory: [mem 0x000a0000-0x000effff]
[    0.000000] PM: Registered nosave memory: [mem 0x000f0000-0x000fffff]
[    0.000000] e820: [mem 0x40000000-0xfebfffff] available for PCI devices
[    0.000000] Booting paravirtualized kernel on KVM
[    0.000000] clocksource: refined-jiffies: mask: 0xffffffff max_cycles: 0xffffffff, max_idle_ns: 7645519600211568 ns
[    0.000000] random: get_random_bytes called from start_kernel+0x99/0x4fd with crng_init=0
[    0.000000] setup_percpu: NR_CPUS:8192 nr_cpumask_bits:2 nr_cpu_ids:2 nr_node_ids:1
[    0.000000] percpu: Embedded 45 pages/cpu s147456 r8192 d28672 u1048576
[    0.000000] PV qspinlock hash table entries: 256 (order: 0, 4096 bytes)
[    0.000000] Built 1 zonelists, mobility grouping on.  Total pages: 257913
[    0.000000] Policy zone: DMA32
[    0.000000] Kernel command line: BOOT_IMAGE=/boot/vmlinuz-4.15.0-88-generic root=LABEL=cloudimg-rootfs ro console=tty1 console=ttyS0
[    0.000000] Memory: 983072K/1048120K available (12300K kernel code, 2481K rwdata, 4264K rodata, 2428K init, 2712K bss, 65048K reserved, 0K cma-reserved)
[    0.000000] SLUB: HWalign=64, Order=0-3, MinObjects=0, CPUs=2, Nodes=1
[    0.000000] Kernel/User page tables isolation: enabled
[    0.000000] ftrace: allocating 39344 entries in 154 pages
[    0.004000] Hierarchical RCU implementation.
[    0.004000] 	RCU restricting CPUs from NR_CPUS=8192 to nr_cpu_ids=2.
[    0.004000] 	Tasks RCU enabled.
[    0.004000] RCU: Adjusting geometry for rcu_fanout_leaf=16, nr_cpu_ids=2
[    0.004000] NR_IRQS: 524544, nr_irqs: 440, preallocated irqs: 16
[    0.004000] Console: colour VGA+ 80x25
[    0.004000] console [tty1] enabled
[    0.004000] console [ttyS0] enabled
[    0.004000] ACPI: Core revision 20170831
[    0.004000] ACPI: 2 ACPI AML tables successfully acquired and loaded
[    0.004000] APIC: Switch to symmetric I/O mode setup
[    0.004000] x2apic enabled
[    0.004000] Switched APIC routing to physical x2apic.
[    0.004000] ..TIMER: vector=0x30 apic1=0 pin1=2 apic2=-1 pin2=-1
[    0.004004] tsc: Detected 2712.000 MHz processor
[    0.004819] Calibrating delay loop (skipped) preset value.. 5424.00 BogoMIPS (lpj=10848000)
[    0.005383] pid_max: default: 32768 minimum: 301
[    0.006279] Security Framework initialized
[    0.008003] Yama: becoming mindful.
[    0.008651] AppArmor: AppArmor initialized
[    0.012102] Dentry cache hash table entries: 131072 (order: 8, 1048576 bytes)
[    0.013350] Inode-cache hash table entries: 65536 (order: 7, 524288 bytes)
[    0.014484] Mount-cache hash table entries: 2048 (order: 2, 16384 bytes)
[    0.015542] Mountpoint-cache hash table entries: 2048 (order: 2, 16384 bytes)
[    0.016299] Last level iTLB entries: 4KB 64, 2MB 8, 4MB 8
[    0.017223] Last level dTLB entries: 4KB 64, 2MB 0, 4MB 0, 1GB 4
[    0.018225] Spectre V1 : Mitigation: usercopy/swapgs barriers and __user pointer sanitization
[    0.020002] Spectre V2 : Mitigation: Full generic retpoline
[    0.020987] Spectre V2 : Spectre v2 / SpectreRSB mitigation: Filling RSB on context switch
[    0.022329] Speculative Store Bypass: Vulnerable
[    0.024044] MDS: Vulnerable: Clear CPU buffers attempted, no microcode
[    0.025241] Freeing SMP alternatives memory: 36K
[    0.136367] smpboot: CPU0: Intel(R) Core(TM) i5-7200U CPU @ 2.50GHz (family: 0x6, model: 0x8e, stepping: 0x9)
[    0.138283] Performance Events: unsupported p6 CPU model 142 no PMU driver, software events only.
[    0.139884] Hierarchical SRCU implementation.
[    0.140613] NMI watchdog: Perf event create on CPU 0 failed with -2
[    0.141657] NMI watchdog: Perf NMI watchdog permanently disabled
[    0.142769] smp: Bringing up secondary CPUs ...
[    0.144080] x86: Booting SMP configuration:
[    0.144878] .... node  #0, CPUs:      #1
[    0.004000] kvm-clock: cpu 1, msr 0:3ff44041, secondary cpu clock
[    0.150522] smp: Brought up 1 node, 2 CPUs
[    0.150522] smpboot: Max logical packages: 1
[    0.152013] smpboot: Total of 2 processors activated (10848.00 BogoMIPS)
[    0.153235] devtmpfs: initialized
[    0.153235] x86/mm: Memory block size: 128MB
[    0.153649] evm: security.selinux
[    0.154319] evm: security.SMACK64
[    0.156003] evm: security.SMACK64EXEC
[    0.156704] evm: security.SMACK64TRANSMUTE
[    0.157420] evm: security.SMACK64MMAP
[    0.158102] evm: security.apparmor
[    0.158734] evm: security.ima
[    0.159360] evm: security.capability
[    0.160089] clocksource: jiffies: mask: 0xffffffff max_cycles: 0xffffffff, max_idle_ns: 7645041785100000 ns
[    0.161705] futex hash table entries: 512 (order: 3, 32768 bytes)
[    0.164000] pinctrl core: initialized pinctrl subsystem
[    0.168047] RTC time: 16:03:23, date: 03/06/20
[    0.169162] NET: Registered protocol family 16
[    0.170564] audit: initializing netlink subsys (disabled)
[    0.172039] audit: type=2000 audit(1583510609.170:1): state=initialized audit_enabled=0 res=1
[    0.173388] cpuidle: using governor ladder
[    0.173388] cpuidle: using governor menu
[    0.174262] ACPI: bus type PCI registered
[    0.176017] acpiphp: ACPI Hot Plug PCI Controller Driver version: 0.5
[    0.177452] PCI: Using configuration type 1 for base access
[    0.180081] HugeTLB registered 2.00 MiB page size, pre-allocated 0 pages
[    0.181652] ACPI: Added _OSI(Module Device)
[    0.181652] ACPI: Added _OSI(Processor Device)
[    0.184005] ACPI: Added _OSI(3.0 _SCP Extensions)
[    0.184005] ACPI: Added _OSI(Processor Aggregator Device)
[    0.184011] ACPI: Added _OSI(Linux-Dell-Video)
[    0.184960] ACPI: Added _OSI(Linux-Lenovo-NV-HDMI-Audio)
[    0.188013] ACPI: Added _OSI(Linux-HPI-Hybrid-Graphics)
[    0.188013] ACPI: Executed 1 blocks of module-level executable AML code
[    0.193324] ACPI: Interpreter enabled
[    0.194164] ACPI: (supports S0 S5)
[    0.194890] ACPI: Using IOAPIC for interrupt routing
[    0.196000] PCI: Using host bridge windows from ACPI; if necessary, use "pci=nocrs" and report a bug
[    0.200244] ACPI: Enabled 2 GPEs in block 00 to 07
[    0.207514] ACPI: PCI Root Bridge [PCI0] (domain 0000 [bus 00-ff])
[    0.208018] acpi PNP0A03:00: _OSC: OS supports [ASPM ClockPM Segments MSI]
[    0.210461] acpi PNP0A03:00: _OSC: not requesting OS control; OS requires [ExtendedConfig ASPM ClockPM MSI]
[    0.212029] acpi PNP0A03:00: fail to add MMCONFIG information, can't access extended PCI configuration space under this bridge.
[    0.216588] PCI host bridge to bus 0000:00
[    0.217869] pci_bus 0000:00: root bus resource [io  0x0000-0x0cf7 window]
[    0.220010] pci_bus 0000:00: root bus resource [io  0x0d00-0xffff window]
[    0.221569] pci_bus 0000:00: root bus resource [mem 0x000a0000-0x000bffff window]
[    0.222990] pci_bus 0000:00: root bus resource [mem 0x40000000-0xfdffffff window]
[    0.224012] pci_bus 0000:00: root bus resource [bus 00-ff]
[    0.228433] pci 0000:00:01.1: legacy IDE quirk: reg 0x10: [io  0x01f0-0x01f7]
[    0.229617] pci 0000:00:01.1: legacy IDE quirk: reg 0x14: [io  0x03f6]
[    0.230689] pci 0000:00:01.1: legacy IDE quirk: reg 0x18: [io  0x0170-0x0177]
[    0.231864] pci 0000:00:01.1: legacy IDE quirk: reg 0x1c: [io  0x0376]
[    0.258509] pci 0000:00:07.0: quirk: [io  0x4000-0x403f] claimed by PIIX4 ACPI
[    0.260021] pci 0000:00:07.0: quirk: [io  0x4100-0x410f] claimed by PIIX4 SMB
[    0.277841] ACPI: PCI Interrupt Link [LNKA] (IRQs 5 9 10 *11)
[    0.279137] ACPI: PCI Interrupt Link [LNKB] (IRQs 5 9 *10 11)
[    0.280095] ACPI: PCI Interrupt Link [LNKC] (IRQs 5 *9 10 11)
[    0.281144] ACPI: PCI Interrupt Link [LNKD] (IRQs 5 9 10 *11)
[    0.284002] SCSI subsystem initialized
[    0.284070] pci 0000:00:02.0: vgaarb: setting as boot VGA device
[    0.285042] pci 0000:00:02.0: vgaarb: VGA device added: decodes=io+mem,owns=io+mem,locks=none
[    0.285042] pci 0000:00:02.0: vgaarb: bridge control possible
[    0.285042] vgaarb: loaded
[    0.285438] ACPI: bus type USB registered
[    0.288027] usbcore: registered new interface driver usbfs
[    0.288883] usbcore: registered new interface driver hub
[    0.292002] usbcore: registered new device driver usb
[    0.292024] EDAC MC: Ver: 3.0.0
[    0.292758] PCI: Using ACPI for IRQ routing
[    0.293032] NetLabel: Initializing
[    0.296002] NetLabel:  domain hash size = 128
[    0.296002] NetLabel:  protocols = UNLABELED CIPSOv4 CALIPSO
[    0.296002] NetLabel:  unlabeled traffic allowed by default
[    0.296104] clocksource: Switched to clocksource kvm-clock
[    0.322786] VFS: Disk quotas dquot_6.6.0
[    0.323551] VFS: Dquot-cache hash table entries: 512 (order 0, 4096 bytes)
[    0.324846] AppArmor: AppArmor Filesystem Enabled
[    0.325624] pnp: PnP ACPI init
[    0.327152] pnp: PnP ACPI: found 3 devices
[    0.333277] clocksource: acpi_pm: mask: 0xffffff max_cycles: 0xffffff, max_idle_ns: 2085701024 ns
[    0.334726] NET: Registered protocol family 2
[    0.335552] TCP established hash table entries: 8192 (order: 4, 65536 bytes)
[    0.336668] TCP bind hash table entries: 8192 (order: 5, 131072 bytes)
[    0.340571] TCP: Hash tables configured (established 8192 bind 8192)
[    0.341610] UDP hash table entries: 512 (order: 2, 16384 bytes)
[    0.342534] UDP-Lite hash table entries: 512 (order: 2, 16384 bytes)
[    0.343594] NET: Registered protocol family 1
[    0.344353] pci 0000:00:00.0: Limiting direct PCI/PCI transfers
[    0.345289] pci 0000:00:01.0: Activating ISA DMA hang workarounds
[    0.346267] pci 0000:00:02.0: Video device with shadowed ROM at [mem 0x000c0000-0x000dffff]
[    0.347681] Unpacking initramfs...
[    0.692676] Freeing initrd memory: 19200K
[    0.693564] clocksource: tsc: mask: 0xffffffffffffffff max_cycles: 0x2717868ea45, max_idle_ns: 440795316085 ns
[    0.695303] platform rtc_cmos: registered platform RTC device (no PNP device found)
[    0.696800] Scanning for low memory corruption every 60 seconds
[    0.698465] Initialise system trusted keyrings
[    0.699270] Key type blacklist registered
[    0.700139] workingset: timestamp_bits=36 max_order=18 bucket_order=0
[    0.702073] zbud: loaded
[    0.703118] squashfs: version 4.0 (2009/01/31) Phillip Lougher
[    0.704356] fuse init (API version 7.26)
[    0.708669] Key type asymmetric registered
[    0.709386] Asymmetric key parser 'x509' registered
[    0.710191] Block layer SCSI generic (bsg) driver version 0.4 loaded (major 246)
[    0.711552] io scheduler noop registered
[    0.712226] io scheduler deadline registered
[    0.712971] io scheduler cfq registered (default)
[    0.714014] ACPI: AC Adapter [AC] (on-line)
[    0.714750] input: Power Button as /devices/LNXSYSTM:00/LNXPWRBN:00/input/input0
[    0.716033] ACPI: Power Button [PWRF]
[    0.716704] input: Sleep Button as /devices/LNXSYSTM:00/LNXSLPBN:00/input/input1
[    0.717866] ACPI: Sleep Button [SLPF]
[    0.718907] Serial: 8250/16550 driver, 32 ports, IRQ sharing enabled
[    0.719712] ACPI: Battery Slot [BAT0] (battery present)
[    0.741324] 00:02: ttyS0 at I/O 0x3f8 (irq = 4, base_baud = 115200) is a 16550A
[    0.744354] Linux agpgart interface v0.103
[    0.746385] loop: module loaded
[    0.747778] scsi host0: ata_piix
[    0.748557] scsi host1: ata_piix
[    0.749142] ata1: PATA max UDMA/33 cmd 0x1f0 ctl 0x3f6 bmdma 0xd000 irq 14
[    0.750207] ata2: PATA max UDMA/33 cmd 0x170 ctl 0x376 bmdma 0xd008 irq 15
[    0.751736] libphy: Fixed MDIO Bus: probed
[    0.752424] tun: Universal TUN/TAP device driver, 1.6
[    0.753260] PPP generic driver version 2.4.2
[    0.753979] ehci_hcd: USB 2.0 'Enhanced' Host Controller (EHCI) Driver
[    0.755067] ehci-pci: EHCI PCI platform driver
[    0.755876] ehci-platform: EHCI generic platform driver
[    0.756900] ohci_hcd: USB 1.1 'Open' Host Controller (OHCI) Driver
[    0.757987] ohci-pci: OHCI PCI platform driver
[    0.758797] ohci-platform: OHCI generic platform driver
[    0.759709] uhci_hcd: USB Universal Host Controller Interface driver
[    0.760952] i8042: PNP: PS/2 Controller [PNP0303:PS2K,PNP0f03:PS2M] at 0x60,0x64 irq 1,12
[    0.762898] serio: i8042 KBD port at 0x60,0x64 irq 1
[    0.763980] serio: i8042 AUX port at 0x60,0x64 irq 12
[    0.765004] mousedev: PS/2 mouse device common for all mice
[    0.766146] input: AT Translated Set 2 keyboard as /devices/platform/i8042/serio0/input/input2
[    0.767863] rtc_cmos rtc_cmos: rtc core: registered rtc_cmos as rtc0
[    0.768916] rtc_cmos rtc_cmos: alarms up to one day, 114 bytes nvram
[    0.769913] i2c /dev entries driver
[    0.770561] device-mapper: uevent: version 1.0.3
[    0.771754] device-mapper: ioctl: 4.37.0-ioctl (2017-09-20) initialised: dm-devel@redhat.com
[    0.773309] ledtrig-cpu: registered to indicate activity on CPUs
[    0.774752] NET: Registered protocol family 10
[    0.779411] Segment Routing with IPv6
[    0.780111] NET: Registered protocol family 17
[    0.780994] Key type dns_resolver registered
[    0.782031] mce: Using 0 MCE banks
[    0.782689] RAS: Correctable Errors collector initialized.
[    0.783637] sched_clock: Marking stable (781944013, 0)->(954543994, -172599981)
[    0.785364] registered taskstats version 1
[    0.786105] Loading compiled-in X.509 certificates
[    0.789876] Loaded X.509 cert 'Build time autogenerated kernel key: f0020782f0d3a548186fb3f47aed88387a71e859'
[    0.791442] zswap: loaded using pool lzo/zbud
[    0.795540] Key type big_key registered
[    0.796193] Key type trusted registered
[    0.798590] Key type encrypted registered
[    0.799272] AppArmor: AppArmor sha1 policy hashing enabled
[    0.800152] ima: No TPM chip found, activating TPM-bypass! (rc=-19)
[    0.801165] ima: Allocated hash algorithm: sha1
[    0.801906] evm: HMAC attrs: 0x1
[    0.802712]   Magic number: 12:640:84
[    0.803445] rtc_cmos rtc_cmos: setting system clock to 2020-03-06 16:03:24 UTC (1583510604)
[    0.805035] BIOS EDD facility v0.16 2004-Jun-25, 0 devices found
[    0.805968] EDD information not available.
[    0.952956] Freeing unused kernel image memory: 2428K
[    0.961482] Write protecting the kernel read-only data: 20480k
[    0.963510] Freeing unused kernel image memory: 2008K
[    0.964838] Freeing unused kernel image memory: 1880K
[    0.971211] x86/mm: Checked W+X mappings: passed, no W+X pages found.
[    0.972371] x86/mm: Checking user space page tables
[    0.978453] x86/mm: Checked W+X mappings: passed, no W+X pages found.
Loading, please wait...
starting version 237
[    1.043118] e1000: Intel(R) PRO/1000 Network Driver - version 7.3.21-k8-NAPI
[    1.044503] e1000: Copyright (c) 1999-2006 Intel Corporation.
[    1.049244] Fusion MPT base driver 3.04.20
[    1.050081] Copyright (c) 1999-2008 LSI Corporation
[    1.067055] Fusion MPT SPI Host driver 3.04.20
[    1.069132] AVX2 version of gcm_enc/dec engaged.
[    1.070622] AES CTR mode by8 optimization enabled
[    1.251850] input: ImExPS/2 Generic Explorer Mouse as /devices/platform/i8042/serio1/input/input4
[    1.640891] e1000 0000:00:03.0 eth0: (PCI:33MHz:32-bit) 02:12:4b:e9:82:8c
[    1.642108] e1000 0000:00:03.0 eth0: Intel(R) PRO/1000 Network Connection
[    1.644293] mptbase: ioc0: Initiating bringup
[    2.642462] ioc0: LSI53C1030 A0: Capabilities={Initiator}
[    4.723986] scsi host2: ioc0: LSI53C1030 A0, FwRev=00000000h, Ports=1, MaxQ=256, IRQ=20
[    6.613942] scsi 2:0:0:0: Direct-Access     VBOX     HARDDISK         1.0  PQ: 0 ANSI: 5
[    6.663960] scsi target2:0:0: Beginning Domain Validation
[    6.666223] scsi target2:0:0: Domain Validation skipping write tests
[    6.667409] scsi target2:0:0: Ending Domain Validation
[    6.668470] scsi target2:0:0: asynchronous
[    6.669785] scsi 2:0:1:0: Direct-Access     VBOX     HARDDISK         1.0  PQ: 0 ANSI: 5
[    6.976519] scsi target2:0:1: Beginning Domain Validation
[    6.979631] random: fast init done
[    6.980354] scsi target2:0:1: Domain Validation skipping write tests
[    6.981332] scsi target2:0:1: Ending Domain Validation
[    6.982180] scsi target2:0:1: asynchronous
[    6.986395] random: systemd-udevd: uninitialized urandom read (16 bytes read)
[    6.986633] sd 2:0:0:0: [sda] 20971520 512-byte logical blocks: (10.7 GB/10.0 GiB)
[    6.987621] random: systemd-udevd: uninitialized urandom read (16 bytes read)
[    6.989115] sd 2:0:0:0: [sda] Write Protect is off
[    6.990163] random: systemd-udevd: uninitialized urandom read (16 bytes read)
[    6.992180] sd 2:0:0:0: Attached scsi generic sg0 type 0
[    6.993371] sd 2:0:0:0: [sda] Incomplete mode parameter data
[    6.994376] sd 2:0:0:0: [sda] Assuming drive cache: write through
[    6.995869] sd 2:0:1:0: Attached scsi generic sg1 type 0
[    6.996969] sd 2:0:1:0: [sdb] 20480 512-byte logical blocks: (10.5 MB/10.0 MiB)
[    6.998452] sd 2:0:1:0: [sdb] Write Protect is off
[    6.999494] sd 2:0:1:0: [sdb] Incomplete mode parameter data
[    7.000710] sd 2:0:1:0: [sdb] Assuming drive cache: write through
[    7.006718]  sda: sda1
[    7.008066] sd 2:0:0:0: [sda] Attached SCSI disk
[    7.009025] e1000 0000:00:08.0 eth1: (PCI:33MHz:32-bit) 08:00:27:aa:c3:e9
[    7.009167] sd 2:0:1:0: [sdb] Attached SCSI disk
[    7.010087] e1000 0000:00:08.0 eth1: Intel(R) PRO/1000 Network Connection
[    7.013161] e1000 0000:00:08.0 enp0s8: renamed from eth1
[    7.033003] e1000 0000:00:03.0 enp0s3: renamed from eth0
Begin: Loading essential drivers ... [    8.536109] raid6: sse2x1   gen() 10411 MB/s
[    8.584784] raid6: sse2x1   xor()  7831 MB/s
[    8.632733] raid6: sse2x2   gen() 12825 MB/s
[    8.680142] raid6: sse2x2   xor()  8639 MB/s
[    8.728226] raid6: sse2x4   gen() 14694 MB/s
[    8.776146] raid6: sse2x4   xor()  7290 MB/s
[    8.824056] raid6: avx2x1   gen() 16161 MB/s
[    8.872828] raid6: avx2x1   xor() 12490 MB/s
[    8.920642] raid6: avx2x2   gen() 25173 MB/s
[    8.968207] raid6: avx2x2   xor() 16059 MB/s
[    9.016283] raid6: avx2x4   gen() 28274 MB/s
[    9.064109] raid6: avx2x4   xor() 16584 MB/s
[    9.064856] raid6: using algorithm avx2x4 gen() 28274 MB/s
[    9.066473] raid6: .... xor() 16584 MB/s, rmw enabled
[    9.067332] raid6: using avx2x2 recovery algorithm
[    9.069341] xor: automatically using best checksumming function   avx       
[    9.071725] async_tx: api initialized (async)
done.
Begin: Running /scripts/init-premount ... done.
Begin: Mounting root file system ... Begin: Running /scripts/local-top ... done.
Begin: Running /scripts/local-premount ... [    9.117355] Btrfs loaded, crc32c=crc32c-intel
Scanning for Btrfs filesystems
done.
Warning: fsck not present, so skipping root file system
[    9.147797] EXT4-fs (sda1): mounted filesystem with ordered data mode. Opts: (null)
done.
Begin: Running /scripts/local-bottom ... done.
Begin: Running /scripts/init-bottom ... done.
[    9.344148] ip_tables: (C) 2000-2006 Netfilter Core Team
[    9.354431] systemd[1]: systemd 237 running in system mode. (+PAM +AUDIT +SELINUX +IMA +APPARMOR +SMACK +SYSVINIT +UTMP +LIBCRYPTSETUP +GCRYPT +GNUTLS +ACL +XZ +LZ4 +SECCOMP +BLKID +ELFUTILS +KMOD -IDN2 +IDN -PCRE2 default-hierarchy=hybrid)
[    9.357713] systemd[1]: Detected virtualization oracle.
[    9.358556] systemd[1]: Detected architecture x86-64.

Welcome to [1mUbuntu 18.04.4 LTS[0m!

[    9.364912] systemd[1]: Set hostname to <ubuntu>.
[    9.371010] systemd[1]: Initializing machine ID from random generator.
[    9.372069] systemd[1]: Installed transient /etc/machine-id file.
[    9.655185] systemd[1]: Started Forward Password Requests to Wall Directory Watch.
[[0;32m  OK  [0m] Started Forward Password Requests to Wall Directory Watch.
[    9.658955] systemd[1]: Created slice User and Session Slice.
[[0;32m  OK  [0m] Created slice User and Session Slice.
[    9.660659] systemd[1]: Reached target User and Group Name Lookups.
[[0;32m  OK  [0m] Reached target User and Group Name Lookups.
[    9.662418] systemd[1]: Reached target System Time Synchronized.
[[0;32m  OK  [0m] Reached target System Time Synchronized.
[[0;32m  OK  [0m] Reached target Swap.
[[0;32m  OK  [0m] Created slice System Slice.
[[0;32m  OK  [0m] Reached target Slices.
[[0;32m  OK  [0m] Listening on Journal Socket.
[[0;32m  OK  [0m] Listening on /dev/initctl Compatibility Named Pipe.
         Starting Set the console keyboard layout...
         Mounting Kernel Debug File System...
[[0;32m  OK  [0m] Listening on Journal Audit Socket.
         Mounting POSIX Message Queue File System...
[[0;32m  OK  [0m] Listening on Device-mapper event daemon FIFOs.
[[0;32m  OK  [0m] Listening on udev Kernel Socket.
[[0;32m  OK  [0m] Listening on Journal Socket (/dev/log).
         Starting Uncomplicated firewall...
[[0;32m  OK  [0m] Listening on Network Service Netlink Socket.
         Starting Load Kernel Modules...
         Mounting Huge Pages File System...
[[0;32m  OK  [0m] Created slice system-serial\x2dgetty.slice.
[[0;32m  OK  [0m] Listening on Syslog Socket.
         Starting Journal Service...
[[0;32m  OK  [0m] Set up automount Arbitrary Executab…rmats File System Automount Point.
[[0;32m  OK  [0m] Listening on LVM2 poll daemon socket.
[[0;32m  OK  [0m] Listening on LVM2 metadata daemon socket.
         Starting Monitoring of LVM2 mirrors…ng dmeventd or progress polling...
[[0;32m  OK  [0m] Listening on udev Control Socket.
[    9.741318] Loading iSCSI transport class v2.0-870.
         Starting udev Coldplug all Devices...
[    9.749643] iscsi: registered transport (tcp)
         Starting Create list of required st…ce nodes for the current kernel...
         Starting Remount Root and Kernel File Systems...
[[0;32m  OK  [0m] Mounted Kernel Debug File System.
[[0;32m  OK  [0m] Mounted POSIX Message Queue File System.
[[0;32m  OK  [0m] Started Uncomplicated firewall.
[[0;32m  OK  [0m] Mounted Huge Pages File System.
[    9.770133] iscsi: registered transport (iser)
[[0;32m  OK  [0m] Started Load Kernel Modules.
         Starting Apply Kernel Variables...
         Mounting FUSE Control File System...
         Mounting Kernel Configuration File System...
[[0;32m  OK  [0m] Mounted FUSE Control File System.
[[0;32m  OK  [0m] Mounted Kernel Configuration File System.
[[0;32m  OK  [0m] Started LVM2 metadata daemon.
[[0;32m  OK  [0m] Started Journal Service.
[[0;32m  OK  [0m] Started Create list of required sta…vice nodes for the current kernel.
         Starting Create Static Device Nodes in /dev...
[[0;32m  OK  [0m] Started udev Coldplug all Devices.
[[0;32m  OK  [0m] Started Create Static Device Nodes in /dev.
[[0;32m  OK  [0m] Started Remount Root and Kernel File Systems.
         Starting udev Kernel Device Manager...
         Starting Load/Save Random Seed...
         Starting Flush Journal to Persistent Storage...
[[0;32m  OK  [0m] Started Monitoring of LVM2 mirrors,…sing dmeventd or progress polling.
[[0;32m  OK  [0m] Started Apply Kernel Variables.
[[0;32m  OK  [0m] Started udev Kernel Device Manager.
[[0;32m  OK  [0m] Started Load/Save Random Seed.
[[0;32m  OK  [0m] Started Flush Journal to Persistent Storage.
[[0;32m  OK  [0m] Found device /dev/ttyS0.
[[0;32m  OK  [0m] Listening on Load/Save RF Kill Switch Status /dev/rfkill Watch.
[[0;32m  OK  [0m] Started Set the console keyboard layout.
[[0;32m  OK  [0m] Reached target Local File Systems (Pre).
[[0;32m  OK  [0m] Reached target Local File Systems.
         Starting Tell Plymouth To Write Out Runtime Data...
         Starting Set console font and keymap...
         Starting AppArmor initialization...
         Starting ebtables ruleset management...
         Starting Commit a transient machine-id on disk...
         Starting Create Volatile Files and Directories...
[[0;32m  OK  [0m] Started Dispatch Password Requests to Console Directory Watch.
[[0;32m  OK  [0m] Reached target Local Encrypted Volumes.
[[0;32m  OK  [0m] Started Tell Plymouth To Write Out Runtime Data.
[[0;32m  OK  [0m] Started Set console font and keymap.
[[0;32m  OK  [0m] Started Create Volatile Files and Directories.
         Starting Update UTMP about System Boot/Shutdown...
[[0;32m  OK  [0m] Started Update UTMP about System Boot/Shutdown.
[[0;32m  OK  [0m] Started Commit a transient machine-id on disk.
[[0;32m  OK  [0m] Started ebtables ruleset management.
[[0;32m  OK  [0m] Started AppArmor initialization.
         Starting Initial cloud-init job (pre-networking)...
[   13.090790] cloud-init[647]: Cloud-init v. 19.4-33-gbb4131a2-0ubuntu1~18.04.1 running 'init-local' at Fri, 06 Mar 2020 16:03:36 +0000. Up 12.68 seconds.
[[0;32m  OK  [0m] Started Initial cloud-init job (pre-networking).
[[0;32m  OK  [0m] Reached target Network (Pre).
         Starting Network Service...
[[0;32m  OK  [0m] Started Network Service.
         Starting Network Name Resolution...
         Starting Wait for Network to be Configured...
[[0;32m  OK  [0m] Started Network Name Resolution.
[[0;32m  OK  [0m] Reached target Network.
[[0;32m  OK  [0m] Reached target Host and Network Name Lookups.
[[0;32m  OK  [0m] Started Wait for Network to be Configured.
         Starting Initial cloud-init job (metadata service crawler)...
[   15.135272] cloud-init[760]: Cloud-init v. 19.4-33-gbb4131a2-0ubuntu1~18.04.1 running 'init' at Fri, 06 Mar 2020 16:03:38 +0000. Up 14.98 seconds.
[   15.137018] cloud-init[760]: ci-info: ++++++++++++++++++++++++++++++++++++++Net device info+++++++++++++++++++++++++++++++++++++++
[   15.138566] cloud-init[760]: ci-info: +--------+-------+----------------------------+---------------+--------+-------------------+
[   15.140497] cloud-init[760]: ci-info: | Device |   Up  |          Address           |      Mask     | Scope  |     Hw-Address    |
[   15.152795] cloud-init[760]: ci-info: +--------+-------+----------------------------+---------------+--------+-------------------+
[   15.164582] cloud-init[760]: ci-info: | enp0s3 |  True |         10.0.2.15          | 255.255.255.0 | global | 02:12:4b:e9:82:8c |
[   15.166453] cloud-init[760]: ci-info: | enp0s3 |  True | fe80::12:4bff:fee9:828c/64 |       .       |  link  | 02:12:4b:e9:82:8c |
[   15.168642] cloud-init[760]: ci-info: | enp0s8 | False |             .              |       .       |   .    | 08:00:27:aa:c3:e9 |
[   15.170608] cloud-init[760]: ci-info: |   lo   |  True |         127.0.0.1          |   255.0.0.0   |  host  |         .         |
[   15.173407] cloud-init[760]: ci-info: |   lo   |  True |          ::1/128           |       .       |  host  |         .         |
[   15.176327] cloud-init[760]: ci-info: +--------+-------+----------------------------+---------------+--------+-------------------+
[   15.177887] cloud-init[760]: ci-info: ++++++++++++++++++++++++++++Route IPv4 info+++++++++++++++++++++++++++++
[   15.179285] cloud-init[760]: ci-info: +-------+-------------+----------+-----------------+-----------+-------+
[   15.180648] cloud-init[760]: ci-info: | Route | Destination | Gateway  |     Genmask     | Interface | Flags |
[   15.181890] cloud-init[760]: ci-info: +-------+-------------+----------+-----------------+-----------+-------+
[   15.183305] cloud-init[760]: ci-info: |   0   |   0.0.0.0   | 10.0.2.2 |     0.0.0.0     |   enp0s3  |   UG  |
[   15.184743] cloud-init[760]: ci-info: |   1   |   10.0.2.0  | 0.0.0.0  |  255.255.255.0  |   enp0s3  |   U   |
[   15.186164] cloud-init[760]: ci-info: |   2   |   10.0.2.2  | 0.0.0.0  | 255.255.255.255 |   enp0s3  |   UH  |
[   15.187571] cloud-init[760]: ci-info: +-------+-------------+----------+-----------------+-----------+-------+
[   15.189084] cloud-init[760]: ci-info: +++++++++++++++++++Route IPv6 info+++++++++++++++++++
[   15.190310] cloud-init[760]: ci-info: +-------+-------------+---------+-----------+-------+
[   15.200392] cloud-init[760]: ci-info: | Route | Destination | Gateway | Interface | Flags |
[   15.201467] cloud-init[760]: ci-info: +-------+-------------+---------+-----------+-------+
[   15.202545] cloud-init[760]: ci-info: |   1   |  fe80::/64  |    ::   |   enp0s3  |   U   |
[   15.212651] cloud-init[760]: ci-info: |   3   |    local    |    ::   |   enp0s3  |   U   |
[   15.213658] cloud-init[760]: ci-info: |   4   |   ff00::/8  |    ::   |   enp0s3  |   U   |
[   15.214623] cloud-init[760]: ci-info: +-------+-------------+---------+-----------+-------+
[   15.773323] cloud-init[760]: Generating public/private rsa key pair.
[   15.789080] cloud-init[760]: Your identification has been saved in /etc/ssh/ssh_host_rsa_key.
[   15.790196] cloud-init[760]: Your public key has been saved in /etc/ssh/ssh_host_rsa_key.pub.
[   15.791356] cloud-init[760]: The key fingerprint is:
[   15.792211] cloud-init[760]: SHA256:KobcuWd+rufTTPkDBV3vzBPZXTjQ3wvIZj6acB4wAOM root@ubuntu-bionic
[   15.793430] cloud-init[760]: The key's randomart image is:
[   15.804320] cloud-init[760]: +---[RSA 2048]----+
[   15.805182] cloud-init[760]: |   o.      ..+...|
[   15.806117] cloud-init[760]: |  . ..    . . +.=|
[   15.807007] cloud-init[760]: |   E  .   ...  ==|
[   15.807874] cloud-init[760]: |       o   =.. ++|
[   15.808729] cloud-init[760]: |        S +o  ..=|
[   15.809602] cloud-init[760]: | . o . o o+o   ..|
[   15.810472] cloud-init[760]: |  o = . +++o.    |
[   15.811435] cloud-init[760]: |   . oo ++o o    |
[   15.812381] cloud-init[760]: |    .+o*o.   .   |
[   15.813269] cloud-init[760]: +----[SHA256]-----+
[   15.814163] cloud-init[760]: Generating public/private dsa key pair.
[   15.815235] cloud-init[760]: Your identification has been saved in /etc/ssh/ssh_host_dsa_key.
[   15.816709] cloud-init[760]: Your public key has been saved in /etc/ssh/ssh_host_dsa_key.pub.
[   15.818139] cloud-init[760]: The key fingerprint is:
[   15.819108] cloud-init[760]: SHA256:xLg6r35vCRidjPke+c8UyFbdZVwQp+GMdsgbEqrEDbw root@ubuntu-bionic
[   15.820645] cloud-init[760]: The key's randomart image is:
[   15.821715] cloud-init[760]: +---[DSA 1024]----+
[   15.822584] cloud-init[760]: |     ..   .   ++*|
[   15.823423] cloud-init[760]: [|     ..= . + * *.|
[   15.824678] cloud-init[760]: |     =+o= o B *  |
[   15.824880] cloud-init[760]: |    +.E= o o +   |
[   15.825212] cloud-init[760]: |     +o.S . .    |
[   15.825695] cloud-init[760]: |    ..=.   .     |
[   15.826209] cloud-init[760]: |    o. + ..      |
[   15.826703] cloud-init[760]: [0;32m  OK  [0m|     oo +o       |] 
Started Initial cloud-init job (metadata service crawler).
[   15.826938] cloud-init[760]: |   .oo.o..o      |
[   15.828806] cloud-init[760]: +----[SHA256]-----+
[   15.829307] cloud-init[760]: Generating public/private ecdsa key pair.
[   15.829379] cloud-init[760]: Your identification has been saved in /etc/ssh/ssh_host_ecdsa_key.
[   15.829970] cloud-init[760]: Your public key has been saved in /etc/ssh/ssh_host_ecdsa_key.pub.
[   15.830481] cloud-init[760]: The key fingerprint is:
[   15.831158] cloud-init[760]: SHA256:rmoXYeWMtiRuO2JrSremcX0sXiw9eueJxXjbMpwBlCw root@ubuntu-bionic
[   15.831701] cloud-init[760]: The key's randomart image is:
[[0;32m  OK  [0m] Reached target System Initialization.
[   15.831957] cloud-init[760]: +---[ECDSA 256]---+
[   15.834046] cloud-init[760]: |      . .        |
[[   15.834650] cloud-init[760]: |     E +.        |
[   15.834748] cloud-init[760]: |      o=         |
[   15.835297] cloud-init[760]: |    . *.o        |
[   15.835682] cloud-init[760]: |   . = oS        |
[   15.836394] cloud-init[760]: |    + *.o.       |
[   15.836583] cloud-init[760]: | o + = Xo+o      |
[   15.837119] cloud-init[760]: |. B.* Bo=*+      |
[   15.837623] cloud-init[760]: |.=+=.*o.o+o.     |
[   15.837792] cloud-init[760]: +----[SHA256]-----+
[   15.838337] cloud-init[760]: Generating public/private ed25519 key pair.
[   15.838738] cloud-init[760]: Your identification has been saved in /etc/ssh/ssh_host_ed25519_key.
[   15.839389] cloud-init[760]: Your public key has been saved in /etc/ssh/ssh_host_ed25519_key.pub.
[   15.839924] cloud-init[760]: The key fingerprint is:
[   15.840433] cloud-init[760]: SHA256:YZ8mDfvR3jL4hPr2p+hBQgLbfrblWSrafQrX+c4IQdI root@ubuntu-bionic
[   15.840952] cloud-init[760]: The key's randomart image is:
[   15.841486] cloud-init[760]: +--[ED25519 256]--+
[   15.842027] cloud-init[760]: |    .            |
[   15.842552] cloud-init[760]: |     +   .       |
[   15.843101] cloud-init[760]: |    . o * E      |
[   15.843468] cloud-init[760]: |     . + O o     |
[   15.844045] cloud-init[760]: |      . S X o    |
[   15.844520] cloud-init[760]: |       o X @ o   |
[   15.845203] cloud-init[760]: |        + @ B .  |
[   15.845604] cloud-init[760]: |       o *.*.*.  |
[   15.846134] cloud-init[760]: |      . o+*+=++  |
[   15.846634] cloud-init[760]: +----[SHA256]-----+
[0;32m  OK  [0m] Started Daily apt download activities.
[[0;32m  OK  [0m] Started Daily apt upgrade and clean activities.
[[0;32m  OK  [0m] Started Message of the Day.
[[0;32m  OK  [0m] Started Daily Cleanup of Temporary Directories.
         Starting LXD - unix socket.
         Starting Socket activation for snappy daemon.
[[0;32m  OK  [0m] Started Discard unused blocks once a week.
[[0;32m  OK  [0m] Listening on D-Bus System Message Bus Socket.
[[0;32m  OK  [0m] Reached target Timers.
[[0;32m  OK  [0m] Listening on ACPID Listen Socket.
[[0;32m  OK  [0m] Listening on Open-iSCSI iscsid Socket.
[[0;32m  OK  [0m] Listening on UUID daemon activation socket.
[[0;32m  OK  [0m] Started ACPI Events Check.
[[0;32m  OK  [0m] Reached target Paths.
[[0;32m  OK  [0m] Reached target Network is Online.
         Starting Availability of block devices...
[[0;32m  OK  [0m] Reached target Remote File Systems (Pre).
[[0;32m  OK  [0m] Reached target Remote File Systems.
[[0;32m  OK  [0m] Reached target Cloud-config availability.
[[0;32m  OK  [0m] Listening on LXD - unix socket.
[[0;32m  OK  [0m] Listening on Socket activation for snappy daemon.
[[0;32m  OK  [0m] Started Availability of block devices.
[[0;32m  OK  [0m] Reached target Sockets.
[[0;32m  OK  [0m] Reached target Basic System.
         Starting Pollinate to seed the pseudo random number generator...
         Starting Accounts Service...
         Starting Permit User Sessions...
         Starting LSB: Record successful boot for GRUB...
[[0;32m  OK  [0m] Started Deferred execution scheduler.
         Starting LXD - container startup/shutdown...
         Starting Login Service...
         Starting LSB: automatic crash report generation...
[[0;32m  OK  [0m] Started Regular background program processing daemon.
[[0;32m  OK  [0m] Started irqbalance daemon.
         Starting Virtualbox guest utils...
         Starting System Logging Service...
         Starting Dispatcher daemon for systemd-networkd...
         Starting Snappy daemon...
[[0;32m  OK  [0m] Started FUSE filesystem for LXC.
[[0;32m  OK  [0m] Started D-Bus System Message Bus.
[[0;32m  OK  [0m] Started System Logging Service.
[[0;32m  OK  [0m] Started Permit User Sessions.
[[0;32m  OK  [0m] Started Login Service.
[[0;32m  OK  [0m] Started Unattended Upgrades Shutdown.
         Starting Terminate Plymouth Boot Screen...
         Starting Hold until boot process finishes up...
[[0;32m  OK  [0m] Started Hold until boot process finishes up.
[[0;32m  OK  [0m] Started Serial Getty on ttyS0.
         Starting Set console scheme...
[[0;32m  OK  [0m] Started Terminate Plymouth Boot Screen.
[[0;32m  OK  [0m] Started Set console scheme.
[[0;32m  OK  [0m] Created slice system-getty.slice.
[[0;32m  OK  [0m] Started Getty on tty1.
[[0;32m  OK  [0m] Reached target Login Prompts.
[[0;32m  OK  [0m] Started LXD - container startup/shutdown.
[[0;32m  OK  [0m] Started LSB: automatic crash report generation.
         Starting Authorization Manager...
[[0;32m  OK  [0m] Started LSB: Record successful boot for GRUB.
[[0;32m  OK  [0m] Started Authorization Manager.
[[0;32m  OK  [0m] Started Accounts Service.
[[0;32m  OK  [0m] Started Virtualbox guest utils.
[[0;32m  OK  [0m] Started Dispatcher daemon for systemd-networkd.
[[0;32m  OK  [0m] Started Snappy daemon.
         Starting Wait until snapd is fully seeded...
[[0;32m  OK  [0m] Started Wait until snapd is fully seeded.
         Starting Apply the settings specified in cloud-config...
[   18.355118] cloud-init[1238]: Cloud-init v. 19.4-33-gbb4131a2-0ubuntu1~18.04.1 running 'modules:config' at Fri, 06 Mar 2020 16:03:41 +0000. Up 17.98 seconds.
[[0;32m  OK  [0m] Started Apply the settings specified in cloud-config.

Ubuntu 18.04.4 LTS ubuntu-bionic ttyS0

ubuntu-bionic login: ci-info: no authorized SSH keys fingerprints found for user ubuntu.
<14>Mar  6 16:03:46 ec2: 
<14>Mar  6 16:03:46 ec2: #############################################################
<14>Mar  6 16:03:46 ec2: -----BEGIN SSH HOST KEY FINGERPRINTS-----
<14>Mar  6 16:03:46 ec2: 1024 SHA256:xLg6r35vCRidjPke+c8UyFbdZVwQp+GMdsgbEqrEDbw root@ubuntu-bionic (DSA)
<14>Mar  6 16:03:46 ec2: 256 SHA256:rmoXYeWMtiRuO2JrSremcX0sXiw9eueJxXjbMpwBlCw root@ubuntu-bionic (ECDSA)
<14>Mar  6 16:03:46 ec2: 256 SHA256:YZ8mDfvR3jL4hPr2p+hBQgLbfrblWSrafQrX+c4IQdI root@ubuntu-bionic (ED25519)
<14>Mar  6 16:03:46 ec2: 2048 SHA256:KobcuWd+rufTTPkDBV3vzBPZXTjQ3wvIZj6acB4wAOM root@ubuntu-bionic (RSA)
<14>Mar  6 16:03:46 ec2: -----END SSH HOST KEY FINGERPRINTS-----
<14>Mar  6 16:03:46 ec2: #############################################################
-----BEGIN SSH HOST KEY KEYS-----
ecdsa-sha2-nistp256 AAAAE2VjZHNhLXNoYTItbmlzdHAyNTYAAAAIbmlzdHAyNTYAAABBBOr1gWnnnX6kE5p1/QDWc+89J6QBgEmvN/v3D2QQrp44W5gysRmygLN3mRbb8zWSheXkmK0/ltjnMnv0WwTtFiA= root@ubuntu-bionic
ssh-ed25519 AAAAC3NzaC1lZDI1NTE5AAAAILKPGWnoRI5uVioAWpkaj65QmksW3IFt1IkjExLnIXjZ root@ubuntu-bionic
ssh-rsa AAAAB3NzaC1yc2EAAAADAQABAAABAQDFHgouXlNobpOmrDUTz3XlIqoqJ6v04WYXEtrqXsRUWc5X1lAzUR63u6RYVImeTJJcdhCL4IqIs9/5UFvI6YsQB2W1fQdTjJCI+PHbzD9TXjDEFLPic4XsITxg+CqWkODF6xI4ViB/QltsrvDQ2upN9mgayKyhPtAK/o97pzyE+kkMDocg3iog/UktkuMmkXG+WJXZxiFC/Zmzi9HoowzgRIFT9T+hX8RJbPtd0hOui3xNolALWP+E787GQDMonTkLAwpSHe32J+sZ7MQoj0Pk+Fk0znZQy+nw/x8AfVzqy8yq4BspWxF6TCaOJnmgUfpvEEFGefI08nPXszkh3W9J root@ubuntu-bionic
-----END SSH HOST KEY KEYS-----
[   23.303115] cloud-init[1348]: Cloud-init v. 19.4-33-gbb4131a2-0ubuntu1~18.04.1 running 'modules:final' at Fri, 06 Mar 2020 16:03:46 +0000. Up 23.07 seconds.
[   23.304766] cloud-init[1348]: ci-info: no authorized SSH keys fingerprints found for user ubuntu.
[   23.306266] cloud-init[1348]: Cloud-init v. 19.4-33-gbb4131a2-0ubuntu1~18.04.1 finished at Fri, 06 Mar 2020 16:03:46 +0000. Datasource DataSourceNoCloud [seed=/dev/sdb][dsmode=net].  Up 23.29 seconds
